<?xml version="1.0" encoding="UTF-8"?>
<testng-results skipped="0" failed="0" ignored="0" total="1" passed="1">
  <reporter-output>
  </reporter-output>
  <suite name="Default suite" duration-ms="16703" started-at="2019-12-19T19:00:06 PKT" finished-at="2019-12-19T19:00:23 PKT">
    <groups>
    </groups>
    <test name="Default test" duration-ms="16703" started-at="2019-12-19T19:00:06 PKT" finished-at="2019-12-19T19:00:23 PKT">
      <class name="Tests.HomePageTest">
        <test-method status="PASS" signature="driver()[pri:0, instance:Tests.HomePageTest@4f970963]" name="driver" is-config="true" duration-ms="9173" started-at="2019-12-19T19:00:07 PKT" finished-at="2019-12-19T19:00:16 PKT">
          <reporter-output>
          </reporter-output>
        </test-method> <!-- driver -->
        <test-method status="PASS" signature="searchGoogleTest()[pri:0, instance:Tests.HomePageTest@4f970963]" name="searchGoogleTest" duration-ms="5122" started-at="2019-12-19T19:00:16 PKT" finished-at="2019-12-19T19:00:21 PKT">
          <reporter-output>
          </reporter-output>
        </test-method> <!-- searchGoogleTest -->
        <test-method status="PASS" signature="CloseBrowser()[pri:0, instance:Tests.HomePageTest@4f970963]" name="CloseBrowser" is-config="true" duration-ms="2327" started-at="2019-12-19T19:00:21 PKT" finished-at="2019-12-19T19:00:23 PKT">
          <reporter-output>
          </reporter-output>
        </test-method> <!-- CloseBrowser -->
      </class> <!-- Tests.HomePageTest -->
    </test> <!-- Default test -->
  </suite> <!-- Default suite -->
</testng-results>
